Determining if the C compiler works failed with the following output:
Change Dir: D:/桌面.附件/试做/c/calculate/123/cmake-build-debug/CMakeFiles/CMakeTmp

Run Build Command:"C:/PROGRA~2/CODEBL~1/MinGW/bin/mingw32-make.exe" "cmTC_7aaf1/fast"
C:/PROGRA~2/CODEBL~1/MinGW/bin/mingw32-make.exe -f CMakeFiles\cmTC_7aaf1.dir\build.make CMakeFiles/cmTC_7aaf1.dir/build
mingw32-make.exe[1]: Entering directory 'D:/桌面.附件/试做/c/calculate/123/cmake-build-debug/CMakeFiles/CMakeTmp'
Building C object CMakeFiles/cmTC_7aaf1.dir/testCCompiler.c.obj
C:\PROGRA~2\CODEBL~1\MinGW\bin\gcc.exe    -o CMakeFiles\cmTC_7aaf1.dir\testCCompiler.c.obj   -c D:\妗岄潰.闄勪欢\璇曞仛\c\calculate\123\cmake-build-debug\CMakeFiles\CMakeTmp\testCCompiler.c
gcc.exe: error: D:\妗岄潰.闄勪欢\璇曞仛\c\calculate\123\cmake-build-debug\CMakeFiles\CMakeTmp\testCCompiler.c: No such file or directory
gcc.exe: fatal error: no input files
compilation terminated.
CMakeFiles\cmTC_7aaf1.dir\build.make:64: recipe for target 'CMakeFiles/cmTC_7aaf1.dir/testCCompiler.c.obj' failed
mingw32-make.exe[1]: *** [CMakeFiles/cmTC_7aaf1.dir/testCCompiler.c.obj] Error 1
mingw32-make.exe[1]: Leaving directory 'D:/桌面.附件/试做/c/calculate/123/cmake-build-debug/CMakeFiles/CMakeTmp'
Makefile:120: recipe for target 'cmTC_7aaf1/fast' failed
mingw32-make.exe: *** [cmTC_7aaf1/fast] Error 2


